[INFO] Scanning for projects...
[WARNING] 
[WARNING] Some problems were encountered while building the effective model for com.example:demo:jar:0.0.1-SNAPSHOT
[WARNING] 'dependencies.dependency.(groupId:artifactId:type:classifier)' must be unique: io.jsonwebtoken:jjwt-api:jar -> duplicate declaration of version 0.11.5 @ line 75, column 15
[WARNING] 
[WARNING] It is highly recommended to fix these problems because they threaten the stability of your build.
[WARNING] 
[WARNING] For this reason, future Maven versions might no longer support building such malformed projects.
[WARNING] 
[INFO] 
[INFO] --------------------------< com.example:demo >--------------------------
[INFO] Building E-Mart 0.0.1-SNAPSHOT
[INFO]   from pom.xml
[INFO] --------------------------------[ jar ]---------------------------------
[INFO] 
[INFO] >>> spring-boot:4.0.1:run (default-cli) > test-compile @ demo >>>
[INFO] 
[INFO] --- resources:3.3.1:resources (default-resources) @ demo ---
[INFO] Copying 1 resource from src\main\resources to target\classes
[INFO] Copying 0 resource from src\main\resources to target\classes
[INFO] 
[INFO] --- compiler:3.14.1:compile (default-compile) @ demo ---
[INFO] Nothing to compile - all classes are up to date.
[INFO] 
[INFO] --- resources:3.3.1:testResources (default-testResources) @ demo ---
[INFO] skip non existing resourceDirectory C:\Users\Viraj Gavas\OneDrive\Desktop\clone-3 - Copy\PG-DAC_E-Mart_Project\java\backend\src\test\resources
[INFO] 
[INFO] --- compiler:3.14.1:testCompile (default-testCompile) @ demo ---
[INFO] Nothing to compile - all classes are up to date.
[INFO] 
[INFO] <<< spring-boot:4.0.1:run (default-cli) < test-compile @ demo <<<
[INFO] 
[INFO] 
[INFO] --- spring-boot:4.0.1:run (default-cli) @ demo ---
[INFO] Attaching agents: []

  .   ____          _            __ _ _
 /\\ / ___'_ __ _ _(_)_ __  __ _ \ \ \ \
( ( )\___ | '_ | '_| | '_ \/ _` | \ \ \ \
 \\/  ___)| |_)| | | | | || (_| |  ) ) ) )
  '  |____| .__|_| |_|_| |_\__, | / / / /
 =========|_|==============|___/=/_/_/_/

 :: Spring Boot ::                (v4.0.1)

2026-01-28T20:29:56.715+05:30  INFO 18024 --- [E-Mart] [           main] com.example.EMartApplication             : Starting EMartApplication using Java 17.0.1 with PID 18024 (C:\Users\Viraj Gavas\OneDrive\Desktop\clone-3 - Copy\PG-DAC_E-Mart_Project\java\backend\target\classes started by Viraj Gavas in C:\Users\Viraj Gavas\OneDrive\Desktop\clone-3 - Copy\PG-DAC_E-Mart_Project\java\backend)
2026-01-28T20:29:56.718+05:30  INFO 18024 --- [E-Mart] [           main] com.example.EMartApplication             : No active profile set, falling back to 1 default profile: "default"
2026-01-28T20:29:57.277+05:30  INFO 18024 --- [E-Mart] [           main] .s.d.r.c.RepositoryConfigurationDelegate : Bootstrapping Spring Data JPA repositories in DEFAULT mode.
2026-01-28T20:29:57.333+05:30  INFO 18024 --- [E-Mart] [           main] .s.d.r.c.RepositoryConfigurationDelegate : Finished Spring Data repository scanning in 49 ms. Found 9 JPA repository interfaces.
2026-01-28T20:29:57.705+05:30  INFO 18024 --- [E-Mart] [           main] o.s.boot.tomcat.TomcatWebServer          : Tomcat initialized with port 8080 (http)
2026-01-28T20:29:57.713+05:30  INFO 18024 --- [E-Mart] [           main] o.apache.catalina.core.StandardService   : Starting service [Tomcat]
2026-01-28T20:29:57.713+05:30  INFO 18024 --- [E-Mart] [           main] o.apache.catalina.core.StandardEngine    : Starting Servlet engine: [Apache Tomcat/11.0.15]
2026-01-28T20:29:57.755+05:30  INFO 18024 --- [E-Mart] [           main] b.w.c.s.WebApplicationContextInitializer : Root WebApplicationContext: initialization completed in 999 ms
2026-01-28T20:29:57.834+05:30  INFO 18024 --- [E-Mart] [           main] org.hibernate.orm.jpa                    : HHH008540: Processing PersistenceUnitInfo [name: default]
2026-01-28T20:29:57.868+05:30  INFO 18024 --- [E-Mart] [           main] org.hibernate.orm.core                   : HHH000001: Hibernate ORM core version 7.2.0.Final
2026-01-28T20:29:58.168+05:30  INFO 18024 --- [E-Mart] [           main] o.s.o.j.p.SpringPersistenceUnitInfo      : No LoadTimeWeaver setup: ignoring JPA class transformer
2026-01-28T20:29:58.191+05:30  INFO 18024 --- [E-Mart] [           main] com.zaxxer.hikari.HikariDataSource       : HikariPool-1 - Starting...
2026-01-28T20:29:58.397+05:30  INFO 18024 --- [E-Mart] [           main] com.zaxxer.hikari.pool.HikariPool        : HikariPool-1 - Added connection com.mysql.cj.jdbc.ConnectionImpl@1818390b
2026-01-28T20:29:58.398+05:30  INFO 18024 --- [E-Mart] [           main] com.zaxxer.hikari.HikariDataSource       : HikariPool-1 - Start completed.
2026-01-28T20:29:58.433+05:30  WARN 18024 --- [E-Mart] [           main] org.hibernate.orm.deprecation            : HHH90000025: MySQLDialect does not need to be specified explicitly using 'hibernate.dialect' (remove the property setting and it will be selected by default)
2026-01-28T20:29:58.446+05:30  INFO 18024 --- [E-Mart] [           main] org.hibernate.orm.connections.pooling    : HHH10001005: Database info:
	Database JDBC URL [jdbc:mysql://localhost:3306/emart]
	Database driver: MySQL Connector/J
	Database dialect: MySQLDialect
	Database version: 8.0.44
	Default catalog/schema: emart/undefined
	Autocommit mode: undefined/unknown
	Isolation level: REPEATABLE_READ [default REPEATABLE_READ]
	JDBC fetch size: none
	Pool: DataSourceConnectionProvider
	Minimum pool size: undefined/unknown
	Maximum pool size: undefined/unknown
2026-01-28T20:29:59.381+05:30  INFO 18024 --- [E-Mart] [           main] org.hibernate.orm.core                   : HHH000489: No JTA platform available (set 'hibernate.transaction.jta.platform' to enable JTA platform integration)
2026-01-28T20:29:59.570+05:30  INFO 18024 --- [E-Mart] [           main] j.LocalContainerEntityManagerFactoryBean : Initialized JPA EntityManagerFactory for persistence unit 'default'
2026-01-28T20:29:59.673+05:30  INFO 18024 --- [E-Mart] [           main] o.s.d.j.r.query.QueryEnhancerFactories   : Hibernate is in classpath; If applicable, HQL parser will be used.
2026-01-28T20:30:00.211+05:30  WARN 18024 --- [E-Mart] [           main] JpaBaseConfiguration$JpaWebConfiguration : spring.jpa.open-in-view is enabled by default. Therefore, database queries may be performed during view rendering. Explicitly configure spring.jpa.open-in-view to disable this warning
2026-01-28T20:30:00.276+05:30  WARN 18024 --- [E-Mart] [           main] .s.a.UserDetailsServiceAutoConfiguration : 

Using generated security password: f4d1755f-1959-460f-92ca-1433b175b018

This generated password is for development use only. Your security configuration must be updated before running your application in production.

2026-01-28T20:30:00.282+05:30  INFO 18024 --- [E-Mart] [           main] r$InitializeUserDetailsManagerConfigurer : Global AuthenticationManager configured with UserDetailsService bean with name inMemoryUserDetailsManager
2026-01-28T20:30:00.745+05:30  INFO 18024 --- [E-Mart] [           main] o.s.boot.tomcat.TomcatWebServer          : Tomcat started on port 8080 (http) with context path '/'
2026-01-28T20:30:00.751+05:30  INFO 18024 --- [E-Mart] [           main] com.example.EMartApplication             : Started EMartApplication in 4.352 seconds (process running for 4.635)
2026-01-28T20:33:05.393+05:30  WARN 18024 --- [E-Mart] [l-1:housekeeper] com.zaxxer.hikari.pool.HikariPool        : HikariPool-1 - Thread starvation or clock leap detected (housekeeper delta=2m6s867ms163µs500ns).
2026-01-28T20:33:55.472+05:30  INFO 18024 --- [E-Mart] [ionShutdownHook] o.s.boot.tomcat.GracefulShutdown         : Commencing graceful shutdown. Waiting for active requests to complete
2026-01-28T20:33:55.604+05:30  INFO 18024 --- [E-Mart] [tomcat-shutdown] o.s.boot.tomcat.GracefulShutdown         : Graceful shutdown complete
2026-01-28T20:33:55.612+05:30  INFO 18024 --- [E-Mart] [ionShutdownHook] j.LocalContainerEntityManagerFactoryBean : Closing JPA EntityManagerFactory for persistence unit 'default'
2026-01-28T20:33:55.612+05:30  INFO 18024 --- [E-Mart] [ionShutdownHook] com.zaxxer.hikari.HikariDataSource       : HikariPool-1 - Shutdown initiated...
2026-01-28T20:33:55.612+05:30  INFO 18024 --- [E-Mart] [ionShutdownHook] com.zaxxer.hikari.HikariDataSource       : HikariPool-1 - Shutdown completed.
[INFO] ------------------------------------------------------------------------
[INFO] BUILD SUCCESS
[INFO] ------------------------------------------------------------------------
[INFO] Total time:  04:01 min
[INFO] Finished at: 2026-01-28T20:33:55+05:30
[INFO] ------------------------------------------------------------------------
Terminate batch job (Y/N)? 